Removed Pin From Net: NetName=5V Pin=BZ1-1
Removed Pin From Net: NetName=NRST Pin=C9-1
Removed Pin From Net: NetName=GND Pin=C9-2
Removed Pin From Net: NetName=5V Pin=C10-2
Removed Pin From Net: NetName=3V3 Pin=C13-1
Removed Pin From Net: NetName=GND Pin=C13-2
Removed Pin From Net: NetName=5V Pin=C14-1
Removed Pin From Net: NetName=GND Pin=C14-2
Removed Pin From Net: NetName=GND Pin=C15-1
Removed Pin From Net: NetName=5V Pin=C15-2
Removed Pin From Net: NetName=GND Pin=C16-1
Removed Pin From Net: NetName=3V3 Pin=C16-2
Removed Pin From Net: NetName=GND Pin=D3-1
Removed Pin From Net: NetName=24V Pin=J7-1
Removed Pin From Net: NetName=5V Pin=J7-3
Removed Pin From Net: NetName=NetJ7_2 Pin=J12-1
Removed Pin From Net: NetName=NetJ7_2 Pin=J13-1
Removed Pin From Net: NetName=BOOT0 Pin=R1-2
Removed Pin From Net: NetName=BOOT1 Pin=R2-1
Removed Pin From Net: NetName=GND Pin=R3-2
Removed Pin From Net: NetName=LED Pin=R4-2
Removed Pin From Net: NetName=3V3 Pin=R5-2
Removed Pin From Net: NetName=NetQ1_1 Pin=R6-2
Removed Pin From Net: NetName=5V Pin=R7-2
Removed Pin From Net: NetName=Feedback Pin=R8-2
Removed Pin From Net: NetName=NetD4_1 Pin=R9-2
Removed Pin From Net: NetName=NetJ11_2 Pin=R18-2
Removed Pin From Net: NetName=NetJ11_3 Pin=R19-2
Removed Pin From Net: NetName=NetJ11_1 Pin=R20-2
Removed Pin From Net: NetName=NetJ10_2 Pin=R21-2
Removed Pin From Net: NetName=NetJ10_3 Pin=R22-2
Removed Pin From Net: NetName=NetJ10_1 Pin=R23-2
Removed Pin From Net: NetName=24V Pin=U2-1
Removed Pin From Net: NetName=GND Pin=U2-3
Removed Pin From Net: NetName=GND Pin=U2-3
Removed Pin From Net: NetName=Feedback Pin=U2-4
Removed Pin From Net: NetName=GND Pin=U2-5
Removed Pin From Net: NetName=GND Pin=U3-1
Removed Pin From Net: NetName=3V3 Pin=U3-2
Removed Pin From Net: NetName=3V3 Pin=U3-2
Removed Pin From Net: NetName=5V Pin=U3-3
Removed Pin From Net: NetName=NetU4_2 Pin=U4-2
Removed Pin From Net: NetName=NetU4_3 Pin=U4-3
Removed Pin From Net: NetName=NetU5_2 Pin=U5-2
Removed Pin From Net: NetName=NetU4_3 Pin=U5-3
Removed Pin From Net: NetName=NetJ9_2 Pin=U5-4
Removed Pin From Net: NetName=NetJ9_2 Pin=U5-8
Removed Pin From Net: NetName=NetJ8_1 Pin=U6-4
Removed Pin From Net: NetName=NetJ8_1 Pin=U6-8
Removed Pin From Net: NetName=NetJ8_2 Pin=U7-4
Removed Pin From Net: NetName=NetJ8_2 Pin=U7-8
Removed Pin From Net: NetName=GND Pin=U8-1
Removed Pin From Net: NetName=NetJ11_2 Pin=U8-2
Removed Pin From Net: NetName=NetJ11_3 Pin=U8-4
Removed Pin From Net: NetName=NetJ11_1 Pin=U8-6
Removed Pin From Net: NetName=GND Pin=U8-10
Removed Pin From Net: NetName=NetJ10_2 Pin=U8-11
Removed Pin From Net: NetName=NetJ10_3 Pin=U8-13
Removed Pin From Net: NetName=NetU4_3 Pin=U8-14
Removed Pin From Net: NetName=NetJ10_1 Pin=U8-15
Removed Pin From Net: NetName=NetU5_2 Pin=U8-16
Removed Pin From Net: NetName=NetU4_2 Pin=U8-18
Removed Pin From Net: NetName=GND Pin=U8-19
Removed Pin From Net: NetName=5V Pin=U8-20
Removed Member From Class: ClassName=MicroController Member=BZ1
Removed Member From Class: ClassName=PowerManagement Member=U2
Removed Member From Class: ClassName=PowerManagement Member=U3
Removed Member From Class: ClassName=MotorDriversUnit Member=U8
Change Component Footprint: Designator=L1 Old Footprint=BOURNS SRR1280 New Footprint=INDUCTOR POWER
Change Component Footprint: Designator=C9 Old Footprint=CAP 1206_3216 - 0.8MM New Footprint=CAP_1206_0.1uF
Change Component Footprint: Designator=C15 Old Footprint=CAP 1206_3216 - 0.8MM New Footprint=CAP_ALUM_100uF_8x12 3.5MM
Change Component Footprint: Designator=C16 Old Footprint=CAP 1206_3216 - 0.8MM New Footprint=CAP_ALUM_330uF_10x17 5MM
Change Component Footprint: Designator=C2 Old Footprint=CAP 1206_3216 - 1.0MM New Footprint=CAP_1206_0.1uF
Change Component Footprint: Designator=C3 Old Footprint=CAP 1206_3216 - 1.0MM New Footprint=CAP_1206_0.1uF
Change Component Footprint: Designator=C4 Old Footprint=CAP 1206_3216 - 1.0MM New Footprint=CAP_1206_0.1uF
Change Component Footprint: Designator=C5 Old Footprint=CAP 1206_3216 - 1.0MM New Footprint=CAP_1206_0.1uF
Change Component Footprint: Designator=C6 Old Footprint=CAP 1206_3216 - 1.0MM New Footprint=CAP_1206_0.1uF
Change Component Footprint: Designator=C10 Old Footprint=CAP 1206_3216 - 1.0MM New Footprint=CAP_1206_0.1uF
Change Component Footprint: Designator=C1 Old Footprint=CAP 1206_3216 - 1.0MM New Footprint=CAP_1206_4.7uF
Change Component Footprint: Designator=C7 Old Footprint=CAP_1206 New Footprint=CAP_1206_16pF
Change Component Footprint: Designator=C8 Old Footprint=CAP_1206 New Footprint=CAP_1206_16pF
Change Component Footprint: Designator=C17 Old Footprint=CAP ALSMD POLY 8.3MM H10.5MM New Footprint=CAP_ALUM_330uF_10x17 5MM
Change Component Footprint: Designator=C18 Old Footprint=CAP ALSMD POLY 8.3MM H10.5MM New Footprint=CAP_ALUM_330uF_10x17 5MM
Change Component Footprint: Designator=C13 Old Footprint=CAP AL TH D8 L3.5 H12.5 New Footprint=CAP_1206_1uF
Change Component Footprint: Designator=C11 Old Footprint=CAP AL TH D8 L3.5 H12.5 New Footprint=CAP_ALUM_100uF_8x12 3.5MM
Change Component Footprint: Designator=C12 Old Footprint=CAP AL TH D8 L3.5 H12.5 New Footprint=CAP_ALUM_220uF_10x16 5MM
Change Component Footprint: Designator=C14 Old Footprint=CAP TH ALUM ELEC D6.30mm S2.50mm H12.50mm New Footprint=CAP_1206_1uF
Change Component Footprint: Designator=D3 Old Footprint=DO214AC SMA New Footprint=DIODE SCHOTTKY
Change Component Footprint: Designator=J6 Old Footprint=HARWIN M20-7820245 New Footprint=3V3 JUMPER
Change Component Footprint: Designator=J5 Old Footprint=HARWIN M20-7820245 New Footprint=5V JUMPER
Change Component Footprint: Designator=J4 Old Footprint=HARWIN M20-7820245 New Footprint=24V_IN KONNEKTÖR
Change Component Footprint: Designator=J9 Old Footprint=HARWIN M20-7820245 New Footprint=ENCODER POWER SELECT
Change Component Footprint: Designator=J8 Old Footprint=HARWIN M20-7820245 New Footprint=RIGHT MOTOR OUTPUT CONNECTOR
Change Component Footprint: Designator=J2 Old Footprint=HARWIN M20-7820445 New Footprint=J-LINK OB
Change Component Footprint: Designator=J1 Old Footprint=HARWIN M20-7830345 New Footprint=BOOT_HEADER_2.54MM_2X3PINS
Change Component Footprint: Designator=B1 Old Footprint=PUSB BUTTON-SMD New Footprint=PUSH BUTTON-SMD
Change Component Footprint: Designator=R8 Old Footprint=RES 0805_2012 New Footprint=RES_0805_1K
Change Component Footprint: Designator=R9 Old Footprint=RES 0805_2012 New Footprint=RES_0805_1K
Change Component Footprint: Designator=R7 Old Footprint=RES 0805_2012 New Footprint=RES_0805_3.1K
Change Component Footprint: Designator=R10 Old Footprint=RES 0805_2012 New Footprint=RES_0805_10K
Change Component Footprint: Designator=R11 Old Footprint=RES 0805_2012 New Footprint=RES_0805_10K
Change Component Footprint: Designator=R12 Old Footprint=RES 0805_2012 New Footprint=RES_0805_10K
Change Component Footprint: Designator=R13 Old Footprint=RES 0805_2012 New Footprint=RES_0805_10K
Change Component Footprint: Designator=R14 Old Footprint=RES 0805_2012 New Footprint=RES_0805_10K
Change Component Footprint: Designator=R15 Old Footprint=RES 0805_2012 New Footprint=RES_0805_10K
Change Component Footprint: Designator=R16 Old Footprint=RES 0805_2012 New Footprint=RES_0805_10K
Change Component Footprint: Designator=R17 Old Footprint=RES 0805_2012 New Footprint=RES_0805_10K
Change Component Footprint: Designator=R18 Old Footprint=RES 0805_2012 New Footprint=RES_0805_10K
Change Component Footprint: Designator=R19 Old Footprint=RES 0805_2012 New Footprint=RES_0805_10K
Change Component Footprint: Designator=R20 Old Footprint=RES 0805_2012 New Footprint=RES_0805_10K
Change Component Footprint: Designator=R21 Old Footprint=RES 0805_2012 New Footprint=RES_0805_10K
Change Component Footprint: Designator=R22 Old Footprint=RES 0805_2012 New Footprint=RES_0805_10K
Change Component Footprint: Designator=R23 Old Footprint=RES 0805_2012 New Footprint=RES_0805_10K
Change Component Footprint: Designator=R6 Old Footprint=RES 0805_2012 New Footprint=RES_0805_100R
Change Component Footprint: Designator=R3 Old Footprint=RES 0805_2012 New Footprint=RES_0805_510R
Change Component Footprint: Designator=R4 Old Footprint=RES 0805_2012 New Footprint=RES_0805_510R
Change Component Footprint: Designator=R5 Old Footprint=RES 1206_3216 New Footprint=RES_1206_10k
Change Component Footprint: Designator=R1 Old Footprint=RES 1206_3216 New Footprint=RES_1206_100K
Change Component Footprint: Designator=R2 Old Footprint=RES 1206_3216 New Footprint=RES_1206_100K
Change Component Footprint: Designator=J7 Old Footprint=SULLINS NPPN031BFCN New Footprint=LEFT MOTOR OUTPUT CONNECTOR
Change Component Footprint: Designator=J13 Old Footprint=SULLINS NPPN041BFCN New Footprint=LEFT ENCODER
Change Component Footprint: Designator=J10 Old Footprint=SULLINS NPPN041BFCN New Footprint=LEFT WHEEL PINS
Change Component Footprint: Designator=J12 Old Footprint=SULLINS NPPN041BFCN New Footprint=RIGHT ENCODER
Change Component Footprint: Designator=J11 Old Footprint=SULLINS NPPN041BFCN New Footprint=RIGHT WHEEL PINS
Change Component Footprint: Designator=J3 Old Footprint=SULLINS NPPN041BFCN New Footprint=RX/TX HEADER
Change Component Comment : Designator=C7 Old Comment= New Comment=CAP_1206_16pF
Change Component Comment : Designator=C8 Old Comment= New Comment=CAP_1206_16pF
Change Component Comment : Designator=C2 Old Comment=0.1µF New Comment=CAP_1206_0.1uF
Change Component Comment : Designator=C3 Old Comment=0.1µF New Comment=CAP_1206_0.1uF
Change Component Comment : Designator=C4 Old Comment=0.1µF New Comment=CAP_1206_0.1uF
Change Component Comment : Designator=C5 Old Comment=0.1µF New Comment=CAP_1206_0.1uF
Change Component Comment : Designator=C6 Old Comment=0.1µF New Comment=CAP_1206_0.1uF
Change Component Comment : Designator=C9 Old Comment=0.1 µF New Comment=CAP_1206_0.1uF
Change Component Comment : Designator=C10 Old Comment=0.1µF New Comment=CAP_1206_0.1uF
Change Component Comment : Designator=R8 Old Comment=1K New Comment=RES_0805_1K
Change Component Comment : Designator=R9 Old Comment=1K New Comment=RES_0805_1K
Change Component Comment : Designator=C16 Old Comment=1 µF New Comment=CD11GCL-50V330-10X17
Change Component Comment : Designator=C15 Old Comment=1 µF New Comment=PKRH-063V101MF120-T/A3.5
Change Component Comment : Designator=R7 Old Comment=3.1K New Comment=RES_0805_3.1K
Change Component Comment : Designator=J6 Old Comment=3V3 JUMPER New Comment=L-KLS1-208-1-02-S
Change Component Comment : Designator=C1 Old Comment=4.7µF New Comment=CAP CER 4.7 uF 1206
Change Component Comment : Designator=J5 Old Comment=5V JUMPER New Comment=L-KLS1-208-1-02-S
Change Component Comment : Designator=Y1 Old Comment=8MHz-OSC-12,5pF New Comment=ECS-2033-080-AU
Change Component Comment : Designator=R10 Old Comment=10K New Comment=RES_0805_10K
Change Component Comment : Designator=R11 Old Comment=10K New Comment=RES_0805_10K
Change Component Comment : Designator=R12 Old Comment=10K New Comment=RES_0805_10K
Change Component Comment : Designator=R13 Old Comment=10K New Comment=RES_0805_10K
Change Component Comment : Designator=R14 Old Comment=10K New Comment=RES_0805_10K
Change Component Comment : Designator=R15 Old Comment=10K New Comment=RES_0805_10K
Change Component Comment : Designator=R16 Old Comment=10K New Comment=RES_0805_10K
Change Component Comment : Designator=R17 Old Comment=10K New Comment=RES_0805_10K
Change Component Comment : Designator=R18 Old Comment=10K New Comment=RES_0805_10K
Change Component Comment : Designator=R19 Old Comment=10K New Comment=RES_0805_10K
Change Component Comment : Designator=R20 Old Comment=10K New Comment=RES_0805_10K
Change Component Comment : Designator=R21 Old Comment=10K New Comment=RES_0805_10K
Change Component Comment : Designator=R22 Old Comment=10K New Comment=RES_0805_10K
Change Component Comment : Designator=R23 Old Comment=10K New Comment=RES_0805_10K
Change Component Comment : Designator=R5 Old Comment=10K New Comment=RES_1206_10K
Change Component Comment : Designator=J4 Old Comment=24V_IN New Comment=DG381S-3.81-02P-14-00AH
Change Component Comment : Designator=L1 Old Comment=33 µH New Comment=SRR1280-330M
Change Component Comment : Designator=R1 Old Comment=100K New Comment=RES_1206_10K
Change Component Comment : Designator=R2 Old Comment=100K New Comment=RES_1206_10K
Change Component Comment : Designator=R6 Old Comment=100R New Comment=RES_0805_100R
Change Component Comment : Designator=C14 Old Comment=100µF New Comment=CAP_1206_1uF
Change Component Comment : Designator=C11 Old Comment=100 µF New Comment=PKRH-063V101MF120-T/A3.5
Change Component Comment : Designator=C12 Old Comment=220 µF New Comment=RD1J227M10016PA100
Change Component Comment : Designator=C13 Old Comment=330 µF New Comment=CAP_1206_1uF
Change Component Comment : Designator=C17 Old Comment=330 µF New Comment=CD11GCL-50V330-10X17
Change Component Comment : Designator=C18 Old Comment=330 µF New Comment=CD11GCL-50V330-10X17
Change Component Comment : Designator=R3 Old Comment=510R New Comment=RES_0805_510R
Change Component Comment : Designator=R4 Old Comment=510R New Comment=RES_0805_510R
Change Component Comment : Designator=D3 Old Comment=ACDBA560-HF New Comment=SK56-HT
Change Component Comment : Designator=J7 Old Comment=ENCODER POWER SELECT New Comment=DG381S-3.81-02P-14-00AH
Change Component Comment : Designator=J13 Old Comment=LEFT ENCODER New Comment=15EDGA-3.81-04P-14-00AH
Change Component Comment : Designator=J8 Old Comment=LEFT MOTOR OUTPUT New Comment=DG381S-3.81-02P-14-00AH
Change Component Comment : Designator=J10 Old Comment=LEFT WHEEL PINS New Comment=DS1023-1X4S21
Change Component Comment : Designator=D1 Old Comment=LH R974-LP-1 New Comment=LED RED 0805
Change Component Comment : Designator=D4 Old Comment=LH R974-LP-1 New Comment=LED RED 0805
Change Component Comment : Designator=D2 Old Comment=LTST-C171GKT New Comment=LED GREEN 0805
Change Component Comment : Designator=J2 Old Comment=M20-7820442 New Comment=DS1023-1X4S21
Change Component Comment : Designator=J1 Old Comment=M20-7830342 New Comment=L-KLS1-208Y-5.0-2-06-W-8
Change Component Comment : Designator=J12 Old Comment=RIGHT ENCODER New Comment=15EDGA-3.81-04P-14-00AH
Change Component Comment : Designator=J9 Old Comment=RIGHT MOTOR OUTPUT New Comment=DS1023-1X3S21
Change Component Comment : Designator=J11 Old Comment=RIGHT WHEEL PINS New Comment=DS1023-1X4S21
Change Component Comment : Designator=J3 Old Comment=RX/TX New Comment=DS1023-1X4S21
Change Component Designator: OldDesignator=U4 NewDesignator=U2
Change Component Designator: OldDesignator=U5 NewDesignator=U3
Change Component Designator: OldDesignator=U6 NewDesignator=U4
Change Component Designator: OldDesignator=U7 NewDesignator=U5
Change component parameters: Designator = "B1" ("B1"); Footprint = "PUSB BUTTON-SMD"; UniqueID = "\FGJUTKOK" ("\FGJUTKOK")
Change component parameters (AddParameter): Name = "Designed by"; Value = "MOA"; VariantName = "[No Variations]"
Change component parameters (AddParameter): Name = "Satýn Alma Linki"; Value = "https://urun.n11.com/diger/mini-pushbutton-switch-smd-P227461537?gclid=Cj0KCQjwkoDmBRCcARIsAG3xzl8Y_-jeD7HocNM6lvuZ_rVp83568XPGtNzlPwXWLph8oCRqo0yh87UaApZYEALw_wcB&gclsrc=aw.ds"; VariantName = "[No Variations]"
Change component parameters: Designator = "C1" ("C1"); Footprint = "CAP 1206_3216 - 1.0MM"; UniqueID = "\RCAVZIZK" ("\RCAVZIZK")
Change component parameters (AddParameter): Name = "Package / Case"; Value = "1206"; VariantName = "[No Variations]"
Change component parameters (AddParameter): Name = "Value"; Value = "4.7µF"; VariantName = "[No Variations]"
Change component parameters: Designator = "C2" ("C2"); Footprint = "CAP 1206_3216 - 1.0MM"; UniqueID = "\FDPREGXL" ("\FDPREGXL")
Change component parameters (AddParameter): Name = "Package / Case"; Value = "1206"; VariantName = "[No Variations]"
Change component parameters (AddParameter): Name = "Value"; Value = "0.1µF"; VariantName = "[No Variations]"
Change component parameters: Designator = "C3" ("C3"); Footprint = "CAP 1206_3216 - 1.0MM"; UniqueID = "\GFNDQBSQ" ("\GFNDQBSQ")
Change component parameters (AddParameter): Name = "Package / Case"; Value = "1206"; VariantName = "[No Variations]"
Change component parameters (AddParameter): Name = "Value"; Value = "0.1µF"; VariantName = "[No Variations]"
Change component parameters: Designator = "C4" ("C4"); Footprint = "CAP 1206_3216 - 1.0MM"; UniqueID = "\LDIURLGQ" ("\LDIURLGQ")
Change component parameters (AddParameter): Name = "Package / Case"; Value = "1206"; VariantName = "[No Variations]"
Change component parameters (AddParameter): Name = "Value"; Value = "0.1µF"; VariantName = "[No Variations]"
Change component parameters: Designator = "C5" ("C5"); Footprint = "CAP 1206_3216 - 1.0MM"; UniqueID = "\HEYWQKUS" ("\HEYWQKUS")
Change component parameters (AddParameter): Name = "Package / Case"; Value = "1206"; VariantName = "[No Variations]"
Change component parameters (AddParameter): Name = "Value"; Value = "0.1µF"; VariantName = "[No Variations]"
Change component parameters: Designator = "C6" ("C6"); Footprint = "CAP 1206_3216 - 1.0MM"; UniqueID = "\UDXSHBRF" ("\UDXSHBRF")
Change component parameters (AddParameter): Name = "Package / Case"; Value = "1206"; VariantName = "[No Variations]"
Change component parameters (AddParameter): Name = "Value"; Value = "0.1µF"; VariantName = "[No Variations]"
Change component parameters: Designator = "C7" ("C7"); Footprint = "CAP_1206"; UniqueID = "\JUWTPNEK" ("\JUWTPNEK")
Change component parameters (AddParameter): Name = "Package / Case"; Value = "1206"; VariantName = "[No Variations]"
Change component parameters (AddParameter): Name = "Value"; Value = "16pF"; VariantName = "[No Variations]"
Change component parameters: Designator = "C8" ("C8"); Footprint = "CAP_1206"; UniqueID = "\DSOVJIJM" ("\DSOVJIJM")
Change component parameters (AddParameter): Name = "Package / Case"; Value = "1206"; VariantName = "[No Variations]"
Change component parameters (AddParameter): Name = "Value"; Value = "16pF"; VariantName = "[No Variations]"
Change component parameters: Designator = "C9" ("C9"); Footprint = "CAP 1206_3216 - 0.8MM"; UniqueID = "\CFJPZAMG" ("\CFJPZAMG")
Change component parameters (AddParameter): Name = "Package / Case"; Value = "1206"; VariantName = "[No Variations]"
Change component parameters (AddParameter): Name = "Value"; Value = "0.1µF"; VariantName = "[No Variations]"
Change component parameters: Designator = "C10" ("C10"); Footprint = "CAP 1206_3216 - 1.0MM"; UniqueID = "\XIMPWKYG" ("\XIMPWKYG")
Change component parameters (AddParameter): Name = "Package / Case"; Value = "1206"; VariantName = "[No Variations]"
Change component parameters (AddParameter): Name = "Value"; Value = "0.1 µF"; VariantName = "[No Variations]"
Change component parameters: Designator = "C11" ("C11"); Footprint = "CAP AL TH D8 L3.5 H12.5"; UniqueID = "\LAZRDOAW" ("\LAZRDOAW")
Change component parameters (AddParameter): Name = "Value"; Value = "100uF"; VariantName = "[No Variations]"
Change component parameters (AddParameter): Name = "Voltage - Rated"; Value = "63V"; VariantName = "[No Variations]"
Change component parameters: Designator = "C12" ("C12"); Footprint = "CAP AL TH D8 L3.5 H12.5"; UniqueID = "\OGZOYFVX" ("\OGZOYFVX")
Change component parameters (AddParameter): Name = "value"; Value = "220uF"; VariantName = "[No Variations]"
Change component parameters (AddParameter): Name = "Voltage - Rated"; Value = "63V"; VariantName = "[No Variations]"
Change component parameters: Designator = "C13" ("C13"); Footprint = "CAP AL TH D8 L3.5 H12.5"; UniqueID = "\QHANNGNH" ("\QHANNGNH")
Change component parameters (AddParameter): Name = "Package / Case"; Value = "1206"; VariantName = "[No Variations]"
Change component parameters (AddParameter): Name = "Value"; Value = "1 µF"; VariantName = "[No Variations]"
Change component parameters: Designator = "C14" ("C14"); Footprint = "CAP TH ALUM ELEC D6.30mm S2.50mm H12.50mm"; UniqueID = "\BHZESOFD" ("\BHZESOFD")
Change component parameters (AddParameter): Name = "Package / Case"; Value = "1206"; VariantName = "[No Variations]"
Change component parameters (AddParameter): Name = "Value"; Value = "1 µF"; VariantName = "[No Variations]"
Change component parameters: Designator = "C15" ("C15"); Footprint = "CAP 1206_3216 - 0.8MM"; UniqueID = "\ZVGGLGDX" ("\ZVGGLGDX")
Change component parameters (AddParameter): Name = "value"; Value = "100uF"; VariantName = "[No Variations]"
Change component parameters (AddParameter): Name = "Voltage - Rated"; Value = "63V"; VariantName = "[No Variations]"
Change component parameters: Designator = "C16" ("C16"); Footprint = "CAP 1206_3216 - 0.8MM"; UniqueID = "\JDRPKSJR" ("\JDRPKSJR")
Change component parameters (AddParameter): Name = "value"; Value = "330uF"; VariantName = "[No Variations]"
Change component parameters (AddParameter): Name = "Voltage - Rated"; Value = "50V"; VariantName = "[No Variations]"
Change component parameters: Designator = "C17" ("C17"); Footprint = "CAP ALSMD POLY 8.3MM H10.5MM"; UniqueID = "\KPATNOBQ" ("\KPATNOBQ")
Change component parameters (AddParameter): Name = "value"; Value = "330µF"; VariantName = "[No Variations]"
Change component parameters (AddParameter): Name = "Voltage - Rated"; Value = "50V"; VariantName = "[No Variations]"
Change component parameters: Designator = "C18" ("C18"); Footprint = "CAP ALSMD POLY 8.3MM H10.5MM"; UniqueID = "\SDPKPECT" ("\SDPKPECT")
Change component parameters (AddParameter): Name = "value"; Value = "330µF"; VariantName = "[No Variations]"
Change component parameters (AddParameter): Name = "Voltage - Rated"; Value = "50V"; VariantName = "[No Variations]"
Change component parameters: Designator = "D1" ("D1"); Footprint = "LED_RED_0805"; UniqueID = "\KDEXDNPP" ("\KDEXDNPP")
Change component parameters (AddParameter): Name = "Case Code (Metric)"; Value = "2012"; VariantName = "[No Variations]"
Change component parameters (AddParameter): Name = "Case Code (Imperial)"; Value = "0805"; VariantName = "[No Variations]"
Change component parameters (AddParameter): Name = "Category"; Value = "LEDs"; VariantName = "[No Variations]"
Change component parameters (AddParameter): Name = "Color"; Value = "Red"; VariantName = "[No Variations]"
Change component parameters (AddParameter): Name = "ComponentLink1Description"; Value = "http://www.jameco.com/Jameco/Products/ProdDS/2085634.pdf?src-supplier=Jameco"; VariantName = "[No Variations]"
Change component parameters (AddParameter): Name = "ComponentLink1URL"; Value = "http://www.jameco.com/Jameco/Products/ProdDS/2085634.pdf?src-supplier=Jameco"; VariantName = "[No Variations]"
Change component parameters (AddParameter): Name = "ComponentLink2Description"; Value = "http://components.arrow.com/part/dataview/0323_01825492?src-supplier=Arrow+Europe"; VariantName = "[No Variations]"
Change component parameters (AddParameter): Name = "ComponentLink2URL"; Value = "http://components.arrow.com/part/dataview/0323_01825492?src-supplier=Arrow+Europe"; VariantName = "[No Variations]"
Change component parameters (AddParameter): Name = "ComponentLink3Description"; Value = "https://dammedia.osram.info/media/resource/hires/osram-dam-2493888/LH%20R974.pdf?src-supplier=Digi-Key"; VariantName = "[No Variations]"
Change component parameters (AddParameter): Name = "ComponentLink3URL"; Value = "https://dammedia.osram.info/media/resource/hires/osram-dam-2493888/LH%20R974.pdf?src-supplier=Digi-Key"; VariantName = "[No Variations]"
Change component parameters (AddParameter): Name = "ComponentLink4Description"; Value = "http://www.mouser.com/ds/2/311/LH%20R974%20-%20CHIPLED%200805-318659.pdf?src-supplier=Mouser"; VariantName = "[No Variations]"
Change component parameters (AddParameter): Name = "ComponentLink4URL"; Value = "http://www.mouser.com/ds/2/311/LH%20R974%20-%20CHIPLED%200805-318659.pdf?src-supplier=Mouser"; VariantName = "[No Variations]"
Change component parameters (AddParameter): Name = "ComponentLink5Description"; Value = "https://www.verical.com/server-webapp/html/getDatasheet?partID=258950&src-supplier=Verical"; VariantName = "[No Variations]"
Change component parameters (AddParameter): Name = "ComponentLink5URL"; Value = "https://www.verical.com/server-webapp/html/getDatasheet?partID=258950&src-supplier=Verical"; VariantName = "[No Variations]"
Change component parameters (AddParameter): Name = "ComponentLink6Description"; Value = "http://components.arrow.com/part/dataview/41971690S1077610N9133?src-supplier=Arrow+Electronics"; VariantName = "[No Variations]"
Change component parameters (AddParameter): Name = "ComponentLink6URL"; Value = "http://components.arrow.com/part/dataview/41971690S1077610N9133?src-supplier=Arrow+Electronics"; VariantName = "[No Variations]"
Change component parameters (AddParameter): Name = "ComponentLink7Description"; Value = "http://components.arrow.com/part/dataview/41971690S6190115N2128?src-supplier=Arrow+Electronics"; VariantName = "[No Variations]"
Change component parameters (AddParameter): Name = "ComponentLink7URL"; Value = "http://components.arrow.com/part/dataview/41971690S6190115N2128?src-supplier=Arrow+Electronics"; VariantName = "[No Variations]"
Change component parameters (AddParameter): Name = "Depth"; Value = "1.35mm"; VariantName = "[No Variations]"
Change component parameters (AddParameter): Name = "Designed by"; Value = "Mustafa"; VariantName = "[No Variations]"
Change component parameters (AddParameter): Name = "Dominant Wavelength"; Value = "645nm"; VariantName = "[No Variations]"
Change component parameters (AddParameter): Name = "Forward Current"; Value = "30mA"; VariantName = "[No Variations]"
Change component parameters (AddParameter): Name = "Forward Voltage"; Value = "1.8V"; VariantName = "[No Variations]"
Change component parameters (AddParameter): Name = "Length"; Value = "2.1mm"; VariantName = "[No Variations]"
Change component parameters (AddParameter): Name = "Lens Color"; Value = "White"; VariantName = "[No Variations]"
Change component parameters (AddParameter): Name = "Lens Size"; Value = "1.25mm"; VariantName = "[No Variations]"
Change component parameters (AddParameter): Name = "Lens Style"; Value = "Diffused,Flat,Colorless"; VariantName = "[No Variations]"
Change component parameters (AddParameter): Name = "Lens Transparency"; Value = "Diffused"; VariantName = "[No Variations]"
Change component parameters (AddParameter): Name = "Luminous Flux"; Value = "0.17lm"; VariantName = "[No Variations]"
Change component parameters (AddParameter): Name = "Luminous Intensity"; Value = "71mcd"; VariantName = "[No Variations]"
Change component parameters (AddParameter): Name = "Manufacturer"; Value = "Osram Opto"; VariantName = "[No Variations]"
Change component parameters (AddParameter): Name = "Manufacturer Part Number"; Value = "LH R974-LP-1"; VariantName = "[No Variations]"
Change component parameters (AddParameter): Name = "Max Operating Temperature"; Value = "85°C"; VariantName = "[No Variations]"
Change component parameters (AddParameter): Name = "Min Operating Temperature"; Value = "-30°C"; VariantName = "[No Variations]"
Change component parameters (AddParameter): Name = "Mount"; Value = "Surface Mount"; VariantName = "[No Variations]"
Change component parameters (AddParameter): Name = "Number of Elements"; Value = "1"; VariantName = "[No Variations]"
Change component parameters (AddParameter): Name = "Number of Pins"; Value = "2"; VariantName = "[No Variations]"
Change component parameters (AddParameter): Name = "Package / Case"; Value = "0805"; VariantName = "[No Variations]"
Change component parameters (AddParameter): Name = "Package Quantity"; Value = "1"; VariantName = "[No Variations]"
Change component parameters (AddParameter): Name = "Packaging"; Value = "Tape and Reel"; VariantName = "[No Variations]"
Change component parameters (AddParameter): Name = "Pricing 1"; Value = "1=0,26000, 10=0,13900, 100=0,06480, 500=0,05978, 1000=0,04683, 2000=0,04584 (USD)"; VariantName = "[No Variations]"
Change component parameters (AddParameter): Name = "Radiation Hardening"; Value = "No"; VariantName = "[No Variations]"
Change component parameters (AddParameter): Name = "Reverse Voltage"; Value = "5V"; VariantName = "[No Variations]"
Change component parameters (AddParameter): Name = "RoHS"; Value = "Yes"; VariantName = "[No Variations]"
Change component parameters (AddParameter): Name = "RoHS Compliant"; Value = "Yes"; VariantName = "[No Variations]"
Change component parameters (AddParameter): Name = "Series"; Value = "CHipLED"; VariantName = "[No Variations]"
Change component parameters (AddParameter): Name = "Stock 1"; Value = "35632"; VariantName = "[No Variations]"
Change component parameters (AddParameter): Name = "Supplier 1"; Value = "Digi-Key"; VariantName = "[No Variations]"
Change component parameters (AddParameter): Name = "Supplier Part Number 1"; Value = "475-1415-1-ND"; VariantName = "[No Variations]"
Change component parameters (AddParameter): Name = "Test Current"; Value = "20mA"; VariantName = "[No Variations]"
Change component parameters (AddParameter): Name = "Viewing Angle"; Value = "160°"; VariantName = "[No Variations]"
Change component parameters (AddParameter): Name = "Width"; Value = "1.25mm"; VariantName = "[No Variations]"
Change component parameters (AddParameter): Name = "Illumination Color"; Value = "Red"; VariantName = "[No Variations]"
Change component parameters: Designator = "D2" ("D2"); Footprint = "LED_GREEN_0805"; UniqueID = "\ERVYFPJX" ("\ERVYFPJX")
Change component parameters (AddParameter): Name = "Case Code (Metric)"; Value = "2012"; VariantName = "[No Variations]"
Change component parameters (AddParameter): Name = "Case Code (Imperial)"; Value = "0805"; VariantName = "[No Variations]"
Change component parameters (AddParameter): Name = "Category"; Value = "LEDs"; VariantName = "[No Variations]"
Change component parameters (AddParameter): Name = "Color"; Value = "Green"; VariantName = "[No Variations]"
Change component parameters (AddParameter): Name = "ComponentLink1Description"; Value = "https://datasheet.ciiva.com/2110/ltst-c171gkt-2110000.pdf?src-supplier=Digi-Key"; VariantName = "[No Variations]"
Change component parameters (AddParameter): Name = "ComponentLink1URL"; Value = "https://datasheet.ciiva.com/2110/ltst-c171gkt-2110000.pdf?src-supplier=Digi-Key"; VariantName = "[No Variations]"
Change component parameters (AddParameter): Name = "ComponentLink2Description"; Value = "https://datasheet.ciiva.com/11773/0900766b80dc0296-11773991.pdf?src-supplier=RSComponents"; VariantName = "[No Variations]"
Change component parameters (AddParameter): Name = "ComponentLink2URL"; Value = "https://datasheet.ciiva.com/11773/0900766b80dc0296-11773991.pdf?src-supplier=RSComponents"; VariantName = "[No Variations]"
Change component parameters (AddParameter): Name = "ComponentLink3Description"; Value = "https://datasheet.ciiva.com/12400/lite-on-ltst-c171gkt-190133-12400647.pdf?src-supplier=Mouser"; VariantName = "[No Variations]"
Change component parameters (AddParameter): Name = "ComponentLink3URL"; Value = "https://datasheet.ciiva.com/12400/lite-on-ltst-c171gkt-190133-12400647.pdf?src-supplier=Mouser"; VariantName = "[No Variations]"
Change component parameters (AddParameter): Name = "ComponentLink4Description"; Value = "https://datasheet.ciiva.com/2110/ltst-c171gkt-2110001.pdf?src-supplier=Digi-Key"; VariantName = "[No Variations]"
Change component parameters (AddParameter): Name = "ComponentLink4URL"; Value = "https://datasheet.ciiva.com/2110/ltst-c171gkt-2110001.pdf?src-supplier=Digi-Key"; VariantName = "[No Variations]"
Change component parameters (AddParameter): Name = "ComponentLink5Description"; Value = "https://datasheet.ciiva.com/2110/ltst-c171gkt-2110002.pdf?src-supplier=Digi-Key"; VariantName = "[No Variations]"
Change component parameters (AddParameter): Name = "ComponentLink5URL"; Value = "https://datasheet.ciiva.com/2110/ltst-c171gkt-2110002.pdf?src-supplier=Digi-Key"; VariantName = "[No Variations]"
Change component parameters (AddParameter): Name = "ComponentLink6Description"; Value = "https://datasheet.ciiva.com/16396/ltst-c171gkt-16396549.pdf?src-supplier=Future+Electronics"; VariantName = "[No Variations]"
Change component parameters (AddParameter): Name = "ComponentLink6URL"; Value = "https://datasheet.ciiva.com/16396/ltst-c171gkt-16396549.pdf?src-supplier=Future+Electronics"; VariantName = "[No Variations]"
Change component parameters (AddParameter): Name = "Depth"; Value = "1.25mm"; VariantName = "[No Variations]"
Change component parameters (AddParameter): Name = "Designed by"; Value = "Mustafa"; VariantName = "[No Variations]"
Change component parameters (AddParameter): Name = "Dominant Wavelength"; Value = "569nm"; VariantName = "[No Variations]"
Change component parameters (AddParameter): Name = "Forward Current"; Value = "30mA"; VariantName = "[No Variations]"
Change component parameters (AddParameter): Name = "Forward Voltage"; Value = "2.1V"; VariantName = "[No Variations]"
Change component parameters (AddParameter): Name = "Height"; Value = "0.8mm"; VariantName = "[No Variations]"
Change component parameters (AddParameter): Name = "Lead Free"; Value = "Lead Free"; VariantName = "[No Variations]"
Change component parameters (AddParameter): Name = "Length"; Value = "2mm"; VariantName = "[No Variations]"
Change component parameters (AddParameter): Name = "Lens Color"; Value = "Colorless"; VariantName = "[No Variations]"
Change component parameters (AddParameter): Name = "Lens Style"; Value = "Diffused,Colorless,Rectangular,Clear"; VariantName = "[No Variations]"
Change component parameters (AddParameter): Name = "Lens Transparency"; Value = "Clear"; VariantName = "[No Variations]"
Change component parameters (AddParameter): Name = "Luminous Intensity"; Value = "12mcd"; VariantName = "[No Variations]"
Change component parameters (AddParameter): Name = "Manufacturer"; Value = "Vishay Lite-On"; VariantName = "[No Variations]"
Change component parameters (AddParameter): Name = "Manufacturer Part Number"; Value = "LTST-C171GKT"; VariantName = "[No Variations]"
Change component parameters (AddParameter): Name = "Max Operating Temperature"; Value = "85°C"; VariantName = "[No Variations]"
Change component parameters (AddParameter): Name = "Min Operating Temperature"; Value = "-55°C"; VariantName = "[No Variations]"
Change component parameters (AddParameter): Name = "Mount"; Value = "Surface Mount"; VariantName = "[No Variations]"
Change component parameters (AddParameter): Name = "Number of Elements"; Value = "1"; VariantName = "[No Variations]"
Change component parameters (AddParameter): Name = "Number of LEDs"; Value = "1"; VariantName = "[No Variations]"
Change component parameters (AddParameter): Name = "Number of Pins"; Value = "2"; VariantName = "[No Variations]"
Change component parameters (AddParameter): Name = "Package / Case"; Value = "0805"; VariantName = "[No Variations]"
Change component parameters (AddParameter): Name = "Package Quantity"; Value = "1"; VariantName = "[No Variations]"
Change component parameters (AddParameter): Name = "Packaging"; Value = "Tape and Reel"; VariantName = "[No Variations]"
Change component parameters (AddParameter): Name = "Power Dissipation"; Value = "100mW"; VariantName = "[No Variations]"
Change component parameters (AddParameter): Name = "Power Rating"; Value = "100mW"; VariantName = "[No Variations]"
Change component parameters (AddParameter): Name = "Pricing 1"; Value = "1=0,26000, 10=0,14100, 100=0,06560, 500=0,06060, 1000=0,04747 (USD)"; VariantName = "[No Variations]"
Change component parameters (AddParameter): Name = "Radiation Hardening"; Value = "No"; VariantName = "[No Variations]"
Change component parameters (AddParameter): Name = "Reverse Voltage"; Value = "5V"; VariantName = "[No Variations]"
Change component parameters (AddParameter): Name = "RoHS"; Value = "Yes"; VariantName = "[No Variations]"
Change component parameters (AddParameter): Name = "RoHS Compliant"; Value = "Yes"; VariantName = "[No Variations]"
Change component parameters (AddParameter): Name = "Series"; Value = "CHIPLED 0805"; VariantName = "[No Variations]"
Change component parameters (AddParameter): Name = "Stock 1"; Value = "159023"; VariantName = "[No Variations]"
Change component parameters (AddParameter): Name = "Supplier 1"; Value = "Digi-Key"; VariantName = "[No Variations]"
Change component parameters (AddParameter): Name = "Supplier Part Number 1"; Value = "160-1423-1-ND"; VariantName = "[No Variations]"
Change component parameters (AddParameter): Name = "Test Current"; Value = "10mA"; VariantName = "[No Variations]"
Change component parameters (AddParameter): Name = "Viewing Angle"; Value = "130°"; VariantName = "[No Variations]"
Change component parameters (AddParameter): Name = "Wavelength"; Value = "585nm"; VariantName = "[No Variations]"
Change component parameters (AddParameter): Name = "Width"; Value = "1.25mm"; VariantName = "[No Variations]"
Change component parameters (AddParameter): Name = "Illumination Color"; Value = "Green"; VariantName = "[No Variations]"
Change component parameters: Designator = "D3" ("D3"); Footprint = "DO214AC SMA"; UniqueID = "\CDDZCKNR" ("\CDDZCKNR")
Change component parameters: Designator = "D4" ("D4"); Footprint = "LED_RED_0805"; UniqueID = "\SUVKMIFG" ("\SUVKMIFG")
Change component parameters (AddParameter): Name = "Case Code (Metric)"; Value = "2012"; VariantName = "[No Variations]"
Change component parameters (AddParameter): Name = "Case Code (Imperial)"; Value = "0805"; VariantName = "[No Variations]"
Change component parameters (AddParameter): Name = "Category"; Value = "LEDs"; VariantName = "[No Variations]"
Change component parameters (AddParameter): Name = "Color"; Value = "Red"; VariantName = "[No Variations]"
Change component parameters (AddParameter): Name = "ComponentLink1Description"; Value = "http://www.jameco.com/Jameco/Products/ProdDS/2085634.pdf?src-supplier=Jameco"; VariantName = "[No Variations]"
Change component parameters (AddParameter): Name = "ComponentLink1URL"; Value = "http://www.jameco.com/Jameco/Products/ProdDS/2085634.pdf?src-supplier=Jameco"; VariantName = "[No Variations]"
Change component parameters (AddParameter): Name = "ComponentLink2Description"; Value = "http://components.arrow.com/part/dataview/0323_01825492?src-supplier=Arrow+Europe"; VariantName = "[No Variations]"
Change component parameters (AddParameter): Name = "ComponentLink2URL"; Value = "http://components.arrow.com/part/dataview/0323_01825492?src-supplier=Arrow+Europe"; VariantName = "[No Variations]"
Change component parameters (AddParameter): Name = "ComponentLink3Description"; Value = "https://dammedia.osram.info/media/resource/hires/osram-dam-2493888/LH%20R974.pdf?src-supplier=Digi-Key"; VariantName = "[No Variations]"
Change component parameters (AddParameter): Name = "ComponentLink3URL"; Value = "https://dammedia.osram.info/media/resource/hires/osram-dam-2493888/LH%20R974.pdf?src-supplier=Digi-Key"; VariantName = "[No Variations]"
Change component parameters (AddParameter): Name = "ComponentLink4Description"; Value = "http://www.mouser.com/ds/2/311/LH%20R974%20-%20CHIPLED%200805-318659.pdf?src-supplier=Mouser"; VariantName = "[No Variations]"
Change component parameters (AddParameter): Name = "ComponentLink4URL"; Value = "http://www.mouser.com/ds/2/311/LH%20R974%20-%20CHIPLED%200805-318659.pdf?src-supplier=Mouser"; VariantName = "[No Variations]"
Change component parameters (AddParameter): Name = "ComponentLink5Description"; Value = "https://www.verical.com/server-webapp/html/getDatasheet?partID=258950&src-supplier=Verical"; VariantName = "[No Variations]"
Change component parameters (AddParameter): Name = "ComponentLink5URL"; Value = "https://www.verical.com/server-webapp/html/getDatasheet?partID=258950&src-supplier=Verical"; VariantName = "[No Variations]"
Change component parameters (AddParameter): Name = "ComponentLink6Description"; Value = "http://components.arrow.com/part/dataview/41971690S1077610N9133?src-supplier=Arrow+Electronics"; VariantName = "[No Variations]"
Change component parameters (AddParameter): Name = "ComponentLink6URL"; Value = "http://components.arrow.com/part/dataview/41971690S1077610N9133?src-supplier=Arrow+Electronics"; VariantName = "[No Variations]"
Change component parameters (AddParameter): Name = "ComponentLink7Description"; Value = "http://components.arrow.com/part/dataview/41971690S6190115N2128?src-supplier=Arrow+Electronics"; VariantName = "[No Variations]"
Change component parameters (AddParameter): Name = "ComponentLink7URL"; Value = "http://components.arrow.com/part/dataview/41971690S6190115N2128?src-supplier=Arrow+Electronics"; VariantName = "[No Variations]"
Change component parameters (AddParameter): Name = "Depth"; Value = "1.35mm"; VariantName = "[No Variations]"
Change component parameters (AddParameter): Name = "Designed by"; Value = "Mustafa"; VariantName = "[No Variations]"
Change component parameters (AddParameter): Name = "Dominant Wavelength"; Value = "645nm"; VariantName = "[No Variations]"
Change component parameters (AddParameter): Name = "Forward Current"; Value = "30mA"; VariantName = "[No Variations]"
Change component parameters (AddParameter): Name = "Forward Voltage"; Value = "1.8V"; VariantName = "[No Variations]"
Change component parameters (AddParameter): Name = "Length"; Value = "2.1mm"; VariantName = "[No Variations]"
Change component parameters (AddParameter): Name = "Lens Color"; Value = "White"; VariantName = "[No Variations]"
Change component parameters (AddParameter): Name = "Lens Size"; Value = "1.25mm"; VariantName = "[No Variations]"
Change component parameters (AddParameter): Name = "Lens Style"; Value = "Diffused,Flat,Colorless"; VariantName = "[No Variations]"
Change component parameters (AddParameter): Name = "Lens Transparency"; Value = "Diffused"; VariantName = "[No Variations]"
Change component parameters (AddParameter): Name = "Luminous Flux"; Value = "0.17lm"; VariantName = "[No Variations]"
Change component parameters (AddParameter): Name = "Luminous Intensity"; Value = "71mcd"; VariantName = "[No Variations]"
Change component parameters (AddParameter): Name = "Manufacturer"; Value = "Osram Opto"; VariantName = "[No Variations]"
Change component parameters (AddParameter): Name = "Manufacturer Part Number"; Value = "LH R974-LP-1"; VariantName = "[No Variations]"
Change component parameters (AddParameter): Name = "Max Operating Temperature"; Value = "85°C"; VariantName = "[No Variations]"
Change component parameters (AddParameter): Name = "Min Operating Temperature"; Value = "-30°C"; VariantName = "[No Variations]"
Change component parameters (AddParameter): Name = "Mount"; Value = "Surface Mount"; VariantName = "[No Variations]"
Change component parameters (AddParameter): Name = "Number of Elements"; Value = "1"; VariantName = "[No Variations]"
Change component parameters (AddParameter): Name = "Number of Pins"; Value = "2"; VariantName = "[No Variations]"
Change component parameters (AddParameter): Name = "Package / Case"; Value = "0805"; VariantName = "[No Variations]"
Change component parameters (AddParameter): Name = "Package Quantity"; Value = "1"; VariantName = "[No Variations]"
Change component parameters (AddParameter): Name = "Packaging"; Value = "Tape and Reel"; VariantName = "[No Variations]"
Change component parameters (AddParameter): Name = "Pricing 1"; Value = "1=0,26000, 10=0,13900, 100=0,06480, 500=0,05978, 1000=0,04683, 2000=0,04584 (USD)"; VariantName = "[No Variations]"
Change component parameters (AddParameter): Name = "Radiation Hardening"; Value = "No"; VariantName = "[No Variations]"
Change component parameters (AddParameter): Name = "Reverse Voltage"; Value = "5V"; VariantName = "[No Variations]"
Change component parameters (AddParameter): Name = "RoHS"; Value = "Yes"; VariantName = "[No Variations]"
Change component parameters (AddParameter): Name = "RoHS Compliant"; Value = "Yes"; VariantName = "[No Variations]"
Change component parameters (AddParameter): Name = "Series"; Value = "CHipLED"; VariantName = "[No Variations]"
Change component parameters (AddParameter): Name = "Stock 1"; Value = "35632"; VariantName = "[No Variations]"
Change component parameters (AddParameter): Name = "Supplier 1"; Value = "Digi-Key"; VariantName = "[No Variations]"
Change component parameters (AddParameter): Name = "Supplier Part Number 1"; Value = "475-1415-1-ND"; VariantName = "[No Variations]"
Change component parameters (AddParameter): Name = "Test Current"; Value = "20mA"; VariantName = "[No Variations]"
Change component parameters (AddParameter): Name = "Viewing Angle"; Value = "160°"; VariantName = "[No Variations]"
Change component parameters (AddParameter): Name = "Width"; Value = "1.25mm"; VariantName = "[No Variations]"
Change component parameters (AddParameter): Name = "Illumination Color"; Value = "Red"; VariantName = "[No Variations]"
Change component parameters: Designator = "J1" ("J1"); Footprint = "HARWIN M20-7830345"; UniqueID = "\RDOZXHSS" ("\RDOZXHSS")
Change component parameters (AddParameter): Name = "ComponentLink1Description"; Value = "New link"; VariantName = "[No Variations]"
Change component parameters (AddParameter): Name = "ComponentLink1URL"; Value = "https://ozdisan.com/Product/Detail/652771/L-KLS1-208Y-5-0-2-06-W-8"; VariantName = "[No Variations]"
Change component parameters: Designator = "J2" ("J2"); Footprint = "HARWIN M20-7820445"; UniqueID = "\PACQXGKT" ("\PACQXGKT")
Change component parameters (AddParameter): Name = "ComponentLink1Description"; Value = "New link"; VariantName = "[No Variations]"
Change component parameters (AddParameter): Name = "ComponentLink1URL"; Value = "https://ozdisan.com/konnektor-ve-baglanti-elemanlari/header-konnektorler/disi-headerlar/DS1023-1X4S21/353863"; VariantName = "[No Variations]"
Change component parameters: Designator = "J3" ("J3"); Footprint = "SULLINS NPPN041BFCN"; UniqueID = "\QOBOGHGD" ("\QOBOGHGD")
Change component parameters (AddParameter): Name = "ComponentLink1Description"; Value = "New link"; VariantName = "[No Variations]"
Change component parameters (AddParameter): Name = "ComponentLink1URL"; Value = "https://ozdisan.com/konnektor-ve-baglanti-elemanlari/header-konnektorler/disi-headerlar/DS1023-1X4S21/353863"; VariantName = "[No Variations]"
Change component parameters: Designator = "J4" ("J4"); Footprint = "HARWIN M20-7820245"; UniqueID = "\NXIGUKTA" ("\NXIGUKTA")
Change component parameters (AddParameter): Name = "ComponentLink1Description"; Value = "New link"; VariantName = "[No Variations]"
Change component parameters (AddParameter): Name = "ComponentLink1URL"; Value = "https://ozdisan.com/Product/Detail/440917/DG381S-3-81-02P-14-00AH"; VariantName = "[No Variations]"
Change component parameters: Designator = "J5" ("J5"); Footprint = "HARWIN M20-7820245"; UniqueID = "\PKSMHFZP" ("\PKSMHFZP")
Change component parameters (AddParameter): Name = "ComponentLink1Description"; Value = "New link"; VariantName = "[No Variations]"
Change component parameters (AddParameter): Name = "ComponentLink1URL"; Value = "https://ozdisan.com/konnektor-ve-baglanti-elemanlari/header-konnektorler/disi-headerlar/L-KLS1-208-1-02-S/596182"; VariantName = "[No Variations]"
Change component parameters: Designator = "J6" ("J6"); Footprint = "HARWIN M20-7820245"; UniqueID = "\FJFFVXQG" ("\FJFFVXQG")
Change component parameters (AddParameter): Name = "ComponentLink1Description"; Value = "New link"; VariantName = "[No Variations]"
Change component parameters (AddParameter): Name = "ComponentLink1URL"; Value = "https://ozdisan.com/konnektor-ve-baglanti-elemanlari/header-konnektorler/disi-headerlar/L-KLS1-208-1-02-S/596182"; VariantName = "[No Variations]"
Change component parameters: Designator = "J7" ("J7"); Footprint = "SULLINS NPPN031BFCN"; UniqueID = "\RDNGEFFN" ("\RDNGEFFN")
Change component parameters: Designator = "J8" ("J8"); Footprint = "HARWIN M20-7820245"; UniqueID = "\KEVQBSLZ" ("\KEVQBSLZ")
Change component parameters: Designator = "J9" ("J9"); Footprint = "HARWIN M20-7820245"; UniqueID = "\LHXXJASL" ("\LHXXJASL")
Change component parameters (AddParameter): Name = "ComponentLink1Description"; Value = "New link"; VariantName = "[No Variations]"
Change component parameters (AddParameter): Name = "ComponentLink1URL"; Value = "https://ozdisan.com/konnektor-ve-baglanti-elemanlari/header-konnektorler/disi-headerlar/DS1023-1X3S21/702380"; VariantName = "[No Variations]"
Change component parameters: Designator = "J10" ("J10"); Footprint = "SULLINS NPPN041BFCN"; UniqueID = "\FFNRPLQC" ("\FFNRPLQC")
Change component parameters (AddParameter): Name = "ComponentLink1Description"; Value = "New link"; VariantName = "[No Variations]"
Change component parameters (AddParameter): Name = "ComponentLink1URL"; Value = "https://ozdisan.com/konnektor-ve-baglanti-elemanlari/header-konnektorler/disi-headerlar/DS1023-1X4S21/353863"; VariantName = "[No Variations]"
Change component parameters: Designator = "J11" ("J11"); Footprint = "SULLINS NPPN041BFCN"; UniqueID = "\PTTOQHHQ" ("\PTTOQHHQ")
Change component parameters (AddParameter): Name = "ComponentLink1Description"; Value = "New link"; VariantName = "[No Variations]"
Change component parameters (AddParameter): Name = "ComponentLink1URL"; Value = "https://ozdisan.com/konnektor-ve-baglanti-elemanlari/header-konnektorler/disi-headerlar/DS1023-1X4S21/353863"; VariantName = "[No Variations]"
Change component parameters: Designator = "J12" ("J12"); Footprint = "SULLINS NPPN041BFCN"; UniqueID = "\SAVRKUHZ" ("\SAVRKUHZ")
Change component parameters (AddParameter): Name = "ComponentLink1Description"; Value = "New link"; VariantName = "[No Variations]"
Change component parameters (AddParameter): Name = "ComponentLink1URL"; Value = "https://ozdisan.com/Product/Detail/638461/15EDGA-3-81-04P-14-00AH"; VariantName = "[No Variations]"
Change component parameters: Designator = "J13" ("J13"); Footprint = "SULLINS NPPN041BFCN"; UniqueID = "\FYMTZXZL" ("\FYMTZXZL")
Change component parameters (AddParameter): Name = "ComponentLink1Description"; Value = "New link"; VariantName = "[No Variations]"
Change component parameters (AddParameter): Name = "ComponentLink1URL"; Value = "https://ozdisan.com/konnektor-ve-baglanti-elemanlari/klemensler/pcb-klemensler/15EDGA-3-81-04P-14-00AH/638461"; VariantName = "[No Variations]"
Change component parameters: Designator = "L1" ("L1"); Footprint = "BOURNS SRR1280"; UniqueID = "\XBVTYKTL" ("\XBVTYKTL")
Change component parameters (AddParameter): Name = "Value"; Value = "33µH"; VariantName = "[No Variations]"
Change component parameters: Designator = "Q1" ("Q1"); Footprint = "SOT-23F"; UniqueID = "\FVUEKHUB" ("\FVUEKHUB")
Change component parameters (AddParameter): Name = "Case/Package"; Value = "SOT-23"; VariantName = "[No Variations]"
Change component parameters (AddParameter): Name = "Category"; Value = "BJTs"; VariantName = "[No Variations]"
Change component parameters (AddParameter): Name = "Collector Base Voltage (VCBO)"; Value = "60V"; VariantName = "[No Variations]"
Change component parameters (AddParameter): Name = "Collector Emitter Breakdown Voltage"; Value = "40V"; VariantName = "[No Variations]"
Change component parameters (AddParameter): Name = "Collector Emitter Saturation Voltage"; Value = "300mV"; VariantName = "[No Variations]"
Change component parameters (AddParameter): Name = "Collector Emitter Voltage (VCEO)"; Value = "40V"; VariantName = "[No Variations]"
Change component parameters (AddParameter): Name = "Collector-emitter Voltage-Max"; Value = "300mV"; VariantName = "[No Variations]"
Change component parameters (AddParameter): Name = "ComponentLink1Description"; Value = "https://datasheet.ciiva.com/11201/ds30036-11201778.pdf?src-supplier=Avnet"; VariantName = "[No Variations]"
Change component parameters (AddParameter): Name = "ComponentLink1URL"; Value = "https://datasheet.ciiva.com/11201/ds30036-11201778.pdf?src-supplier=Avnet"; VariantName = "[No Variations]"
Change component parameters (AddParameter): Name = "ComponentLink7Description"; Value = "New link"; VariantName = "[No Variations]"
Change component parameters (AddParameter): Name = "ComponentLink7URL"; Value = "https://ozdisan.com/Product/Detail/609899/MMBT3904-7-F"; VariantName = "[No Variations]"
Change component parameters (AddParameter): Name = "Contact Plating"; Value = "Tin,Matte"; VariantName = "[No Variations]"
Change component parameters (AddParameter): Name = "Continuous Collector Current"; Value = "200mA"; VariantName = "[No Variations]"
Change component parameters (AddParameter): Name = "Designed by"; Value = "MOA"; VariantName = "[No Variations]"
Change component parameters (AddParameter): Name = "Element Configuration"; Value = "Single"; VariantName = "[No Variations]"
Change component parameters (AddParameter): Name = "Emitter Base Voltage (VEBO)"; Value = "6V"; VariantName = "[No Variations]"
Change component parameters (AddParameter): Name = "Frequency"; Value = "300MHz"; VariantName = "[No Variations]"
Change component parameters (AddParameter): Name = "Gain Bandwidth Product"; Value = "300MHz"; VariantName = "[No Variations]"
Change component parameters (AddParameter): Name = "Height"; Value = "1mm"; VariantName = "[No Variations]"
Change component parameters (AddParameter): Name = "hFE Min"; Value = "100"; VariantName = "[No Variations]"
Change component parameters (AddParameter): Name = "Lead Free"; Value = "Lead Free"; VariantName = "[No Variations]"
Change component parameters (AddParameter): Name = "Length"; Value = "3.05mm"; VariantName = "[No Variations]"
Change component parameters (AddParameter): Name = "Manufacturer"; Value = "Diodes Zetex"; VariantName = "[No Variations]"
Change component parameters (AddParameter): Name = "Manufacturer Part Number"; Value = "MMBT3904-7-F"; VariantName = "[No Variations]"
Change component parameters (AddParameter): Name = "Max Breakdown Voltage"; Value = "40V"; VariantName = "[No Variations]"
Change component parameters (AddParameter): Name = "Max Collector Current"; Value = "200mA"; VariantName = "[No Variations]"
Change component parameters (AddParameter): Name = "Max Frequency"; Value = "300MHz"; VariantName = "[No Variations]"
Change component parameters (AddParameter): Name = "Max Operating Temperature"; Value = "150°C"; VariantName = "[No Variations]"
Change component parameters (AddParameter): Name = "Max Power Dissipation"; Value = "300mW"; VariantName = "[No Variations]"
Change component parameters (AddParameter): Name = "Min Operating Temperature"; Value = "-55°C"; VariantName = "[No Variations]"
Change component parameters (AddParameter): Name = "Mount"; Value = "Surface Mount"; VariantName = "[No Variations]"
Change component parameters (AddParameter): Name = "Number of Elements"; Value = "1"; VariantName = "[No Variations]"
Change component parameters (AddParameter): Name = "Number of Pins"; Value = "3"; VariantName = "[No Variations]"
Change component parameters (AddParameter): Name = "Package Quantity"; Value = "3000"; VariantName = "[No Variations]"
Change component parameters (AddParameter): Name = "Packaging"; Value = "Tape and Reel"; VariantName = "[No Variations]"
Change component parameters (AddParameter): Name = "Polarity"; Value = "NPN"; VariantName = "[No Variations]"
Change component parameters (AddParameter): Name = "Power Dissipation"; Value = "350mW"; VariantName = "[No Variations]"
Change component parameters (AddParameter): Name = "Pricing 1"; Value = "1=0,12000, 10=0,08600, 25=0,08280, 100=0,04660, 500=0,03664, 1000=0,02544 (USD)"; VariantName = "[No Variations]"
Change component parameters (AddParameter): Name = "Radiation Hardening"; Value = "No"; VariantName = "[No Variations]"
Change component parameters (AddParameter): Name = "REACH SVHC"; Value = "No SVHC"; VariantName = "[No Variations]"
Change component parameters (AddParameter): Name = "RoHS"; Value = "Yes"; VariantName = "[No Variations]"
Change component parameters (AddParameter): Name = "RoHS Compliant"; Value = "Yes"; VariantName = "[No Variations]"
Change component parameters (AddParameter): Name = "Series"; Value = "-"; VariantName = "[No Variations]"
Change component parameters (AddParameter): Name = "Stock 1"; Value = "2393281"; VariantName = "[No Variations]"
Change component parameters (AddParameter): Name = "Supplier Part Number 1"; Value = "MMBT3904-FDIDKR-ND"; VariantName = "[No Variations]"
Change component parameters (AddParameter): Name = "Transition Frequency"; Value = "300MHz"; VariantName = "[No Variations]"
Change component parameters (AddParameter): Name = "Voltage Rating (DC)"; Value = "40V"; VariantName = "[No Variations]"
Change component parameters (AddParameter): Name = "Weight"; Value = "0.000282oz"; VariantName = "[No Variations]"
Change component parameters (AddParameter): Name = "Width"; Value = "1.4mm"; VariantName = "[No Variations]"
Change component parameters: Designator = "R1" ("R1"); Footprint = "RES 1206_3216"; UniqueID = "\IFWPHHDP" ("\IFWPHHDP")
Change component parameters (AddParameter): Name = "Package / Case"; Value = "1206"; VariantName = "[No Variations]"
Change component parameters (AddParameter): Name = "Value"; Value = "100K"; VariantName = "[No Variations]"
Change component parameters: Designator = "R2" ("R2"); Footprint = "RES 1206_3216"; UniqueID = "\RKPPWBEK" ("\RKPPWBEK")
Change component parameters (AddParameter): Name = "Package / Case"; Value = "1206"; VariantName = "[No Variations]"
Change component parameters (AddParameter): Name = "Value"; Value = "100K"; VariantName = "[No Variations]"
Change component parameters: Designator = "R3" ("R3"); Footprint = "RES 0805_2012"; UniqueID = "\OWMMSCXF" ("\OWMMSCXF")
Change component parameters (AddParameter): Name = "Package / Case"; Value = "0805"; VariantName = "[No Variations]"
Change component parameters (AddParameter): Name = "Value"; Value = "510R"; VariantName = "[No Variations]"
Change component parameters: Designator = "R4" ("R4"); Footprint = "RES 0805_2012"; UniqueID = "\KJQGJQHI" ("\KJQGJQHI")
Change component parameters (AddParameter): Name = "Package / Case"; Value = "0805"; VariantName = "[No Variations]"
Change component parameters (AddParameter): Name = "Value"; Value = "510R"; VariantName = "[No Variations]"
Change component parameters: Designator = "R5" ("R5"); Footprint = "RES 1206_3216"; UniqueID = "\WNQEKZIX" ("\WNQEKZIX")
Change component parameters (AddParameter): Name = "Package / Case"; Value = "1206"; VariantName = "[No Variations]"
Change component parameters (AddParameter): Name = "Value"; Value = "10K"; VariantName = "[No Variations]"
Change component parameters: Designator = "R6" ("R6"); Footprint = "RES 0805_2012"; UniqueID = "\UEWOBQGG" ("\UEWOBQGG")
Change component parameters (AddParameter): Name = "Package / Case"; Value = "0805"; VariantName = "[No Variations]"
Change component parameters (AddParameter): Name = "Value"; Value = "100R"; VariantName = "[No Variations]"
Change component parameters: Designator = "R7" ("R7"); Footprint = "RES 0805_2012"; UniqueID = "\IEOHNXXH" ("\IEOHNXXH")
Change component parameters (AddParameter): Name = "Package / Case"; Value = "0805"; VariantName = "[No Variations]"
Change component parameters (AddParameter): Name = "Value"; Value = "3.1K"; VariantName = "[No Variations]"
Change component parameters: Designator = "R8" ("R8"); Footprint = "RES 0805_2012"; UniqueID = "\WPFEJPHK" ("\WPFEJPHK")
Change component parameters (AddParameter): Name = "Package / Case"; Value = "0805"; VariantName = "[No Variations]"
Change component parameters (AddParameter): Name = "Value"; Value = "1K"; VariantName = "[No Variations]"
Change component parameters: Designator = "R9" ("R9"); Footprint = "RES 0805_2012"; UniqueID = "\UZVAHHSR" ("\UZVAHHSR")
Change component parameters (AddParameter): Name = "Package / Case"; Value = "0805"; VariantName = "[No Variations]"
Change component parameters (AddParameter): Name = "Value"; Value = "1K"; VariantName = "[No Variations]"
Change component parameters: Designator = "R10" ("R10"); Footprint = "RES 0805_2012"; UniqueID = "\UEJGFIKT" ("\UEJGFIKT")
Change component parameters (AddParameter): Name = "Package / Case"; Value = "0805"; VariantName = "[No Variations]"
Change component parameters (AddParameter): Name = "Value"; Value = "10K"; VariantName = "[No Variations]"
Change component parameters: Designator = "R11" ("R11"); Footprint = "RES 0805_2012"; UniqueID = "\VAJCOTXE" ("\VAJCOTXE")
Change component parameters (AddParameter): Name = "Package / Case"; Value = "0805"; VariantName = "[No Variations]"
Change component parameters (AddParameter): Name = "Value"; Value = "10K"; VariantName = "[No Variations]"
Change component parameters: Designator = "R12" ("R12"); Footprint = "RES 0805_2012"; UniqueID = "\ZAAGUASF" ("\ZAAGUASF")
Change component parameters (AddParameter): Name = "Package / Case"; Value = "0805"; VariantName = "[No Variations]"
Change component parameters (AddParameter): Name = "Value"; Value = "10K"; VariantName = "[No Variations]"
Change component parameters: Designator = "R13" ("R13"); Footprint = "RES 0805_2012"; UniqueID = "\XCPRSMQN" ("\XCPRSMQN")
Change component parameters (AddParameter): Name = "Package / Case"; Value = "0805"; VariantName = "[No Variations]"
Change component parameters (AddParameter): Name = "Value"; Value = "10K"; VariantName = "[No Variations]"
Change component parameters: Designator = "R14" ("R14"); Footprint = "RES 0805_2012"; UniqueID = "\XGWZLXYW" ("\XGWZLXYW")
Change component parameters (AddParameter): Name = "Package / Case"; Value = "0805"; VariantName = "[No Variations]"
Change component parameters (AddParameter): Name = "Value"; Value = "10K"; VariantName = "[No Variations]"
Change component parameters: Designator = "R15" ("R15"); Footprint = "RES 0805_2012"; UniqueID = "\HKHBCURN" ("\HKHBCURN")
Change component parameters (AddParameter): Name = "Package / Case"; Value = "0805"; VariantName = "[No Variations]"
Change component parameters (AddParameter): Name = "Value"; Value = "10K"; VariantName = "[No Variations]"
Change component parameters: Designator = "R16" ("R16"); Footprint = "RES 0805_2012"; UniqueID = "\XNAARRUS" ("\XNAARRUS")
Change component parameters (AddParameter): Name = "Package / Case"; Value = "0805"; VariantName = "[No Variations]"
Change component parameters (AddParameter): Name = "Value"; Value = "10K"; VariantName = "[No Variations]"
Change component parameters: Designator = "R17" ("R17"); Footprint = "RES 0805_2012"; UniqueID = "\FMWDNUDY" ("\FMWDNUDY")
Change component parameters (AddParameter): Name = "Package / Case"; Value = "0805"; VariantName = "[No Variations]"
Change component parameters (AddParameter): Name = "Value"; Value = "10K"; VariantName = "[No Variations]"
Change component parameters: Designator = "R18" ("R18"); Footprint = "RES 0805_2012"; UniqueID = "\HVQVGYTC" ("\HVQVGYTC")
Change component parameters (AddParameter): Name = "Package / Case"; Value = "0805"; VariantName = "[No Variations]"
Change component parameters (AddParameter): Name = "Value"; Value = "10K"; VariantName = "[No Variations]"
Change component parameters: Designator = "R19" ("R19"); Footprint = "RES 0805_2012"; UniqueID = "\VVASDDQU" ("\VVASDDQU")
Change component parameters (AddParameter): Name = "Package / Case"; Value = "0805"; VariantName = "[No Variations]"
Change component parameters (AddParameter): Name = "Value"; Value = "10K"; VariantName = "[No Variations]"
Change component parameters: Designator = "R20" ("R20"); Footprint = "RES 0805_2012"; UniqueID = "\TKWMTLUX" ("\TKWMTLUX")
Change component parameters (AddParameter): Name = "Package / Case"; Value = "0805"; VariantName = "[No Variations]"
Change component parameters (AddParameter): Name = "Value"; Value = "10K"; VariantName = "[No Variations]"
Change component parameters: Designator = "R21" ("R21"); Footprint = "RES 0805_2012"; UniqueID = "\LGJYDIOS" ("\LGJYDIOS")
Change component parameters (AddParameter): Name = "Package / Case"; Value = "0805"; VariantName = "[No Variations]"
Change component parameters (AddParameter): Name = "Value"; Value = "10K"; VariantName = "[No Variations]"
Change component parameters: Designator = "R22" ("R22"); Footprint = "RES 0805_2012"; UniqueID = "\HWQSNHRO" ("\HWQSNHRO")
Change component parameters (AddParameter): Name = "Package / Case"; Value = "0805"; VariantName = "[No Variations]"
Change component parameters (AddParameter): Name = "Value"; Value = "10K"; VariantName = "[No Variations]"
Change component parameters: Designator = "R23" ("R23"); Footprint = "RES 0805_2012"; UniqueID = "\FAXSEGEN" ("\FAXSEGEN")
Change component parameters (AddParameter): Name = "Package / Case"; Value = "0805"; VariantName = "[No Variations]"
Change component parameters (AddParameter): Name = "Value"; Value = "10K"; VariantName = "[No Variations]"
Change component parameters: Designator = "U1" ("U1"); Footprint = "LQFP-64"; UniqueID = "\FGUTUPAG" ("\FGUTUPAG")
Change component parameters (AddParameter): Name = "Availability"; Value = "In Stock"; VariantName = "[No Variations]"
Change component parameters (AddParameter): Name = "Check_prices"; Value = "https://www.snapeda.com/parts/STM32F103RBT6/STMicroelectronics/view-part/?ref=eda"; VariantName = "[No Variations]"
Change component parameters (AddParameter): Name = "Designed by"; Value = "MOA"; VariantName = "[No Variations]"
Change component parameters (AddParameter): Name = "MF"; Value = "STMicroelectronics"; VariantName = "[No Variations]"
Change component parameters (AddParameter): Name = "MP"; Value = "STM32F103RBT6"; VariantName = "[No Variations]"
Change component parameters (AddParameter): Name = "Package"; Value = "LQFP-64 STMicroelectronics"; VariantName = "[No Variations]"
Change component parameters (AddParameter): Name = "Price"; Value = "None"; VariantName = "[No Variations]"
Change component parameters (AddParameter): Name = "Purchase-URL"; Value = "https://pricing.snapeda.com/search?q=STM32F103RBT6&ref=eda"; VariantName = "[No Variations]"
Change component parameters (AddParameter): Name = "SnapEDA_Link"; Value = "https://www.snapeda.com/parts/STM32F103RBT6/STMicroelectronics/view-part/?ref=snap"; VariantName = "[No Variations]"
Change component parameters (AddParameter): Name = "Value"; Value = ""; VariantName = "[No Variations]"
Change component parameters: Designator = "Y1" ("Y1"); Footprint = "8MHZ-OSC"; UniqueID = "\BXCOQGTR" ("\BXCOQGTR")
Change component parameters (AddParameter): Name = "Capacitance"; Value = "15pF"; VariantName = "[No Variations]"
Change component parameters (AddParameter): Name = "ComponentLink1Description"; Value = "New link"; VariantName = "[No Variations]"
Change component parameters (AddParameter): Name = "ComponentLink1URL"; Value = "https://ozdisan.com/pasif-komponentler/kristaller-osilatorler-ve-rezanatorler/osilatorler/ECS-2033-080-AU/994835"; VariantName = "[No Variations]"
Change component parameters (AddParameter): Name = "Designed by"; Value = "MOA"; VariantName = "[No Variations]"
Change component parameters (AddParameter): Name = "Frequency"; Value = "8MHz"; VariantName = "[No Variations]"
Added Component: Designator=LS1(BUZZER)
Add component (AddParameter): Name = "Case/Package"; Value = "CMI-9605IC"; VariantName = "[No Variations]"
Add component (AddParameter): Name = "Category"; Value = "Audio Products"; VariantName = "[No Variations]"
Add component (AddParameter): Name = "Designed by"; Value = "MOA"; VariantName = "[No Variations]"
Add component (AddParameter): Name = "Manufacturer"; Value = "CUI Devices"; VariantName = "[No Variations]"
Add component (AddParameter): Name = "Manufacturer Part Number"; Value = "CMI-9605IC-0580T"; VariantName = "[No Variations]"
Add component (AddParameter): Name = "Pricing"; Value = "1=1,22, 10=1,014, 25=0,938, 50=0,883, 100=0,8298, 250=0,76976, 500=0,71396, 1000=0,66741, 5000=0,65403 (USD)"; VariantName = "[No Variations]"
Add component (AddParameter): Name = "RoHS"; Value = "No"; VariantName = "[No Variations]"
Add component (AddParameter): Name = "Stock"; Value = "5910"; VariantName = "[No Variations]"
Add component (AddParameter): Name = "Supplier"; Value = "Digi-Key"; VariantName = "[No Variations]"
Add component (AddParameter): Name = "Supplier Part Number"; Value = "2223-CMI-9605IC-0580T-ND"; VariantName = "[No Variations]"
Added Component: Designator=U6(SOIC-20)
Added Component: Designator=VR1(TO263-5 (D2PAK))
Added Component: Designator=VR2(SOT-223)
Add component (AddParameter): Name = "Category"; Value = "Uncategorized"; VariantName = "[No Variations]"
Add component (AddParameter): Name = "Designed by"; Value = "Mustafa oðuz Ateþ"; VariantName = "[No Variations]"
Add component (AddParameter): Name = "Manufacturer"; Value = "UMW(Youtai Semiconductor Co., Ltd.)"; VariantName = "[No Variations]"
Add component (AddParameter): Name = "Manufacturer Part Number"; Value = "AMS1117-3.3"; VariantName = "[No Variations]"
Add component (AddParameter): Name = "Pricing"; Value = "1=0,48, 10=0,388, 25=0,3552, 100=0,2644, 250=0,2396, 500=0,19828, 1000=0,14871 (USD)"; VariantName = "[No Variations]"
Add component (AddParameter): Name = "RoHS"; Value = "No"; VariantName = "[No Variations]"
Add component (AddParameter): Name = "Supplier"; Value = "Digikey"; VariantName = "[No Variations]"
Add component (AddParameter): Name = "Supplier Part Number"; Value = "4518-AMS1117-3.3CT-ND"; VariantName = "[No Variations]"
Added Pin To Net: NetName=GND Pin=C9-1
Added Pin To Net: NetName=5V Pin=C9-2
Added Pin To Net: NetName=NRST Pin=C10-2
Added Pin To Net: NetName=GND Pin=C13-1
Added Pin To Net: NetName=5V Pin=C13-2
Added Pin To Net: NetName=GND Pin=C14-1
Added Pin To Net: NetName=3V3 Pin=C14-2
Added Pin To Net: NetName=5V Pin=C15-1
Added Pin To Net: NetName=GND Pin=C15-2
Added Pin To Net: NetName=3V3 Pin=C16-1
Added Pin To Net: NetName=GND Pin=C16-2
Added Pin To Net: NetName=GND Pin=D3-2
Added Pin To Net: NetName=24V Pin=J9-1
Added Pin To Net: NetName=5V Pin=J9-3
Added Pin To Net: NetName=NetJ9_2 Pin=J12-1
Added Pin To Net: NetName=NetJ9_2 Pin=J13-1
Added Pin To Net: NetName=5V Pin=LS1-1
Added Pin To Net: NetName=BOOT0 Pin=R1-1
Add Pin To Net: Unknown Pin: Pin R2-8
Add Pin To Net: Unknown Pin: Pin R3-8
Add Pin To Net: Unknown Pin: Pin R4-8
Add Pin To Net: Unknown Pin: Pin R5-8
Add Pin To Net: Unknown Pin: Pin R6-8
Add Pin To Net: Unknown Pin: Pin R7-8
Add Pin To Net: Unknown Pin: Pin R8-8
Add Pin To Net: Unknown Pin: Pin R9-8
Add Pin To Net: Unknown Pin: Pin R18-8
Add Pin To Net: Unknown Pin: Pin R19-8
Add Pin To Net: Unknown Pin: Pin R20-8
Add Pin To Net: Unknown Pin: Pin R21-8
Add Pin To Net: Unknown Pin: Pin R22-8
Add Pin To Net: Unknown Pin: Pin R23-8
Added Pin To Net: NetName=NetJ8_1 Pin=U2-4
Added Pin To Net: NetName=NetJ8_1 Pin=U2-8
Added Pin To Net: NetName=NetJ8_2 Pin=U3-4
Added Pin To Net: NetName=NetJ8_2 Pin=U3-8
Added Pin To Net: NetName=NetU4_2 Pin=U4-2
Added Pin To Net: NetName=NetU4_3 Pin=U4-3
Added Pin To Net: NetName=NetU5_2 Pin=U5-2
Added Pin To Net: NetName=NetU4_3 Pin=U5-3
Added Pin To Net: NetName=NetJ7_2 Pin=U5-4
Added Pin To Net: NetName=NetJ7_2 Pin=U5-8
Added Pin To Net: NetName=GND Pin=U6-1
Added Pin To Net: NetName=NetJ11_2 Pin=U6-2
Added Pin To Net: NetName=NetJ11_3 Pin=U6-4
Added Pin To Net: NetName=NetU4_3 Pin=U6-5
Added Pin To Net: NetName=NetJ11_1 Pin=U6-6
Added Pin To Net: NetName=NetU5_2 Pin=U6-7
Added Pin To Net: NetName=NetU4_2 Pin=U6-9
Added Pin To Net: NetName=GND Pin=U6-10
Added Pin To Net: NetName=NetJ10_2 Pin=U6-11
Added Pin To Net: NetName=NetJ10_3 Pin=U6-13
Added Pin To Net: NetName=NetJ10_1 Pin=U6-15
Added Pin To Net: NetName=GND Pin=U6-19
Added Pin To Net: NetName=5V Pin=U6-20
Added Pin To Net: NetName=24V Pin=VR1-1
Added Pin To Net: NetName=GND Pin=VR1-3
Added Pin To Net: NetName=GND Pin=VR1-3
Added Pin To Net: NetName=Feedback Pin=VR1-4
Added Pin To Net: NetName=GND Pin=VR1-5
Added Pin To Net: NetName=GND Pin=VR2-1
Added Pin To Net: NetName=3V3 Pin=VR2-2
Added Pin To Net: NetName=3V3 Pin=VR2-2
Added Pin To Net: NetName=5V Pin=VR2-3
Added Pin To Net: NetName=NetD3_1 Pin=D3-1
Added Pin To Net: NetName=NetD3_1 Pin=L1-1
Added Pin To Net: NetName=NetD3_1 Pin=VR1-2
Added Net: Name=NetD3_1
Added Pin To Net: NetName=NetJ7_1 Pin=J7-1
Added Pin To Net: NetName=NetJ7_1 Pin=U4-4
Added Pin To Net: NetName=NetJ7_1 Pin=U4-8
Added Net: Name=NetJ7_1
Added Pin To Net: NetName=NetLS1_2 Pin=LS1-2
Added Pin To Net: NetName=NetLS1_2 Pin=Q1-3
Added Net: Name=NetLS1_2
Added Pin To Net: NetName=NetR1_8 Pin=U1-60
Added Net: Name=NetR1_8
Added Pin To Net: NetName=NetR2_1 Pin=R2-1
Added Pin To Net: NetName=NetR2_1 Pin=U1-28
Added Net: Name=NetR2_1
Added Pin To Net: NetName=NetR10_8 Pin=U2-6
Added Net: Name=NetR10_8
Added Pin To Net: NetName=NetR11_8 Pin=U3-6
Added Net: Name=NetR11_8
Added Pin To Net: NetName=NetR12_8 Pin=U3-5
Added Net: Name=NetR12_8
Added Pin To Net: NetName=NetR13_8 Pin=U2-5
Added Net: Name=NetR13_8
Added Pin To Net: NetName=NetR14_8 Pin=U4-6
Added Net: Name=NetR14_8
Added Pin To Net: NetName=NetR15_8 Pin=U5-6
Added Net: Name=NetR15_8
Added Pin To Net: NetName=NetR16_8 Pin=U5-5
Added Net: Name=NetR16_8
Added Pin To Net: NetName=NetR17_8 Pin=U4-5
Added Net: Name=NetR17_8
Added Pin To Net: NetName=NetU2_2 Pin=U2-2
Added Pin To Net: NetName=NetU2_2 Pin=U6-18
Added Net: Name=NetU2_2
Added Pin To Net: NetName=NetU2_3 Pin=U2-3
Added Pin To Net: NetName=NetU2_3 Pin=U3-3
Added Pin To Net: NetName=NetU2_3 Pin=U6-14
Added Net: Name=NetU2_3
Added Pin To Net: NetName=NetU3_2 Pin=U3-2
Added Pin To Net: NetName=NetU3_2 Pin=U6-16
Added Net: Name=NetU3_2
Added Member To Class: ClassName=MicroController Member=Component LS1 CMI-9605IC-0580T
Added Member To Class: ClassName=MotorDriversUnit Member=Component U6 SN74AHC244DW
Added Member To Class: ClassName=PowerManagement Member=Component VR1 LM2596S-5.0
Added Member To Class: ClassName=PowerManagement Member=Component VR2 AMS1117-3.3
